<?xml version="1.0" encoding="UTF-8"?>
<testng-results skipped="0" failed="0" total="1" passed="1">
  <reporter-output>
  </reporter-output>
  <suite name="GitAuto.git.auto.NewTest" duration-ms="19202" started-at="2014-07-07T10:11:31Z" finished-at="2014-07-07T10:11:50Z">
    <groups>
    </groups>
    <test name="Command line test" duration-ms="19202" started-at="2014-07-07T10:11:31Z" finished-at="2014-07-07T10:11:50Z">
      <class name="GitAuto.git.auto.NewTest">
        <test-method status="PASS" signature="f()[pri:0, instance:GitAuto.git.auto.NewTest@2bcece51]" name="f" duration-ms="19060" started-at="2014-07-07T15:41:31Z" finished-at="2014-07-07T15:41:50Z">
          <reporter-output>
          </reporter-output>
        </test-method> <!-- f -->
        <test-method status="PASS" signature="tearDown()[pri:0, instance:GitAuto.git.auto.NewTest@2bcece51]" name="tearDown" is-config="true" duration-ms="125" started-at="2014-07-07T15:41:50Z" finished-at="2014-07-07T15:41:50Z">
          <reporter-output>
          </reporter-output>
        </test-method> <!-- tearDown -->
      </class> <!-- GitAuto.git.auto.NewTest -->
    </test> <!-- Command line test -->
  </suite> <!-- GitAuto.git.auto.NewTest -->
</testng-results>
